<?xml version="1.0" encoding="UTF-8"?>
<coverage generated="1441947315995" clover="3.2.0">
	<project timestamp="1441947315995"  name="All Files" >
		<metrics statements="125"  coveredstatements="93"  conditionals="111"  coveredconditionals="59"  methods="9"  coveredmethods="6"  elements="245"  coveredelements="158"  complexity="0"  packages="2"  files="2"  classes="2"  loc="211"  ncloc="211" />
		<package name="diff" >
			<metrics statements="100"  coveredstatements="88"  conditionals="82"  coveredconditionals="59"  methods="7"  coveredmethods="6" />
			<file name="diff.js"  path="/Users/sanderspies/Projects/bluebox/lib/diff/diff.js" >
				<metrics statements="100"  coveredstatements="88"  conditionals="82"  coveredconditionals="59"  methods="7"  coveredmethods="6" />
				<line num="6"  count="1"  type="stmt" />
				<line num="8"  count="1"  type="stmt" />
				<line num="9"  count="1"  type="stmt" />
				<line num="10"  count="1"  type="stmt" />
				<line num="12"  count="1"  type="stmt" />
				<line num="13"  count="1"  type="stmt" />
				<line num="14"  count="1"  type="cond"  truecount="1"  falsecount="1" />
				<line num="15"  count="1"  type="stmt" />
				<line num="16"  count="2"  type="stmt" />
				<line num="17"  count="2"  type="cond"  truecount="1"  falsecount="1" />
				<line num="18"  count="2"  type="cond"  truecount="1"  falsecount="1" />
				<line num="19"  count="2"  type="stmt" />
				<line num="23"  count="1"  type="stmt" />
				<line num="26"  count="1"  type="stmt" />
				<line num="27"  count="3"  type="stmt" />
				<line num="28"  count="3"  type="stmt" />
				<line num="29"  count="15"  type="stmt" />
				<line num="30"  count="15"  type="stmt" />
				<line num="31"  count="15"  type="cond"  truecount="2"  falsecount="0" />
				<line num="32"  count="5"  type="stmt" />
				<line num="33"  count="5"  type="stmt" />
				<line num="37"  count="3"  type="stmt" />
				<line num="40"  count="1"  type="stmt" />
				<line num="41"  count="0"  type="stmt" />
				<line num="42"  count="0"  type="cond"  truecount="0"  falsecount="2" />
				<line num="43"  count="0"  type="stmt" />
				<line num="45"  count="0"  type="stmt" />
				<line num="47"  count="1"  type="stmt" />
				<line num="48"  count="3"  type="stmt" />
				<line num="49"  count="3"  type="cond"  truecount="1"  falsecount="1" />
				<line num="50"  count="3"  type="stmt" />
				<line num="51"  count="3"  type="cond"  truecount="4"  falsecount="0" />
				<line num="52"  count="2"  type="stmt" />
				<line num="55"  count="1"  type="cond"  truecount="1"  falsecount="1" />
				<line num="57"  count="3"  type="cond"  truecount="3"  falsecount="1" />
				<line num="58"  count="3"  type="stmt" />
				<line num="61"  count="3"  type="stmt" />
				<line num="63"  count="3"  type="stmt" />
				<line num="70"  count="1"  type="stmt" />
				<line num="71"  count="28"  type="stmt" />
				<line num="72"  count="28"  type="cond"  truecount="3"  falsecount="1" />
				<line num="73"  count="28"  type="stmt" />
				<line num="74"  count="28"  type="stmt" />
				<line num="75"  count="28"  type="cond"  truecount="2"  falsecount="0" />
				<line num="76"  count="3"  type="stmt" />
				<line num="78"  count="28"  type="cond"  truecount="4"  falsecount="0" />
				<line num="79"  count="1"  type="cond"  truecount="1"  falsecount="1" />
				<line num="80"  count="0"  type="stmt" />
				<line num="81"  count="0"  type="stmt" />
				<line num="85"  count="1"  type="stmt" />
				<line num="86"  count="1"  type="stmt" />
				<line num="87"  count="1"  type="stmt" />
				<line num="88"  count="3"  type="stmt" />
				<line num="89"  count="3"  type="cond"  truecount="1"  falsecount="1" />
				<line num="90"  count="3"  type="stmt" />
				<line num="94"  count="27"  type="stmt" />
				<line num="95"  count="27"  type="stmt" />
				<line num="96"  count="27"  type="cond"  truecount="2"  falsecount="0" />
				<line num="97"  count="5"  type="stmt" />
				<line num="103"  count="28"  type="stmt" />
				<line num="106"  count="1"  type="stmt" />
				<line num="107"  count="14"  type="stmt" />
				<line num="108"  count="14"  type="stmt" />
				<line num="109"  count="14"  type="stmt" />
				<line num="110"  count="14"  type="stmt" />
				<line num="112"  count="14"  type="cond"  truecount="1"  falsecount="1" />
				<line num="113"  count="0"  type="stmt" />
				<line num="115"  count="14"  type="stmt" />
				<line num="116"  count="28"  type="cond"  truecount="2"  falsecount="0" />
				<line num="119"  count="14"  type="stmt" />
				<line num="124"  count="1"  type="stmt" />
				<line num="125"  count="50"  type="stmt" />
				<line num="126"  count="50"  type="cond"  truecount="2"  falsecount="0" />
				<line num="127"  count="25"  type="stmt" />
				<line num="129"  count="25"  type="cond"  truecount="4"  falsecount="0" />
				<line num="130"  count="4"  type="cond"  truecount="4"  falsecount="0" />
				<line num="131"  count="1"  type="stmt" />
				<line num="133"  count="4"  type="stmt" />
				<line num="135"  count="21"  type="stmt" />
				<line num="136"  count="21"  type="stmt" />
				<line num="137"  count="21"  type="cond"  truecount="2"  falsecount="0" />
				<line num="138"  count="1"  type="stmt" />
				<line num="139"  count="1"  type="stmt" />
				<line num="141"  count="20"  type="cond"  truecount="1"  falsecount="1" />
				<line num="142"  count="0"  type="stmt" />
				<line num="144"  count="20"  type="cond"  truecount="2"  falsecount="0" />
				<line num="145"  count="3"  type="cond"  truecount="2"  falsecount="0" />
				<line num="147"  count="17"  type="cond"  truecount="2"  falsecount="0" />
				<line num="148"  count="14"  type="cond"  truecount="2"  falsecount="0" />
				<line num="150"  count="3"  type="cond"  truecount="1"  falsecount="1" />
				<line num="151"  count="0"  type="cond"  truecount="0"  falsecount="2" />
				<line num="153"  count="3"  type="cond"  truecount="1"  falsecount="1" />
				<line num="154"  count="3"  type="stmt" />
				<line num="157"  count="20"  type="cond"  truecount="2"  falsecount="0" />
				<line num="158"  count="20"  type="cond"  truecount="4"  falsecount="1" />
				<line num="159"  count="0"  type="stmt" />
				<line num="160"  count="0"  type="cond"  truecount="0"  falsecount="5" />
				<line num="161"  count="0"  type="stmt" />
				<line num="165"  count="20"  type="stmt" />
				<line num="168"  count="1"  type="stmt" />
			</file>
		</package>
		<package name="events" >
			<metrics statements="25"  coveredstatements="5"  conditionals="29"  coveredconditionals="0"  methods="2"  coveredmethods="0" />
			<file name="EventHandling.js"  path="/Users/sanderspies/Projects/bluebox/lib/events/EventHandling.js" >
				<metrics statements="25"  coveredstatements="5"  conditionals="29"  coveredconditionals="0"  methods="2"  coveredmethods="0" />
				<line num="3"  count="1"  type="stmt" />
				<line num="4"  count="1"  type="stmt" />
				<line num="6"  count="1"  type="stmt" />
				<line num="7"  count="0"  type="cond"  truecount="0"  falsecount="7" />
				<line num="8"  count="0"  type="cond"  truecount="0"  falsecount="2" />
				<line num="9"  count="0"  type="stmt" />
				<line num="11"  count="0"  type="cond"  truecount="0"  falsecount="2" />
				<line num="12"  count="0"  type="stmt" />
				<line num="14"  count="0"  type="cond"  truecount="0"  falsecount="4" />
				<line num="15"  count="0"  type="stmt" />
				<line num="20"  count="1"  type="stmt" />
				<line num="21"  count="0"  type="cond"  truecount="0"  falsecount="2" />
				<line num="22"  count="0"  type="stmt" />
				<line num="24"  count="0"  type="cond"  truecount="0"  falsecount="2" />
				<line num="25"  count="0"  type="stmt" />
				<line num="27"  count="0"  type="cond"  truecount="0"  falsecount="2" />
				<line num="28"  count="0"  type="stmt" />
				<line num="30"  count="0"  type="cond"  truecount="0"  falsecount="2" />
				<line num="31"  count="0"  type="stmt" />
				<line num="33"  count="0"  type="cond"  truecount="0"  falsecount="2" />
				<line num="34"  count="0"  type="stmt" />
				<line num="35"  count="0"  type="stmt" />
				<line num="36"  count="0"  type="cond"  truecount="0"  falsecount="2" />
				<line num="37"  count="0"  type="cond"  truecount="0"  falsecount="2" />
				<line num="43"  count="1"  type="stmt" />
			</file>
		</package>
	</project>
</coverage>
