{
"/Users/sanderspies/Projects/bluebox/lib/renderers/GL/isViewVisible.js":{"path":"/Users/sanderspies/Projects/bluebox/lib/renderers/GL/isViewVisible.js","s":{"1":1,"2":6,"3":6,"4":1},"b":{"1":[6,6,0,6,3,4,3,3,2,4,3,1,1,1,1]},"f":{"1":6},"fnMap":{"1":{"name":"isViewVisible","line":3,"loc":{"start":{"line":3,"column":0},"end":{"line":3,"column":52}}}},"statementMap":{"1":{"start":{"line":3,"column":0},"end":{"line":14,"column":1}},"2":{"start":{"line":4,"column":2},"end":{"line":11,"column":133}},"3":{"start":{"line":13,"column":4},"end":{"line":13,"column":20}},"4":{"start":{"line":16,"column":0},"end":{"line":16,"column":31}}},"branchMap":{"1":{"line":4,"type":"binary-expr","locations":[{"start":{"line":4,"column":16},"end":{"line":4,"column":29}},{"start":{"line":4,"column":34},"end":{"line":4,"column":63}},{"start":{"line":5,"column":4},"end":{"line":5,"column":24}},{"start":{"line":6,"column":6},"end":{"line":6,"column":52}},{"start":{"line":6,"column":56},"end":{"line":6,"column":131}},{"start":{"line":7,"column":5},"end":{"line":7,"column":52}},{"start":{"line":7,"column":56},"end":{"line":7,"column":132}},{"start":{"line":8,"column":5},"end":{"line":8,"column":50}},{"start":{"line":8,"column":54},"end":{"line":8,"column":129}},{"start":{"line":9,"column":8},"end":{"line":9,"column":52}},{"start":{"line":9,"column":56},"end":{"line":9,"column":130}},{"start":{"line":10,"column":7},"end":{"line":10,"column":54}},{"start":{"line":10,"column":58},"end":{"line":10,"column":135}},{"start":{"line":11,"column":7},"end":{"line":11,"column":50}},{"start":{"line":11,"column":54},"end":{"line":11,"column":130}}]}},"l":{"3":1,"4":6,"13":6,"16":1}},
"/Users/sanderspies/Projects/bluebox/lib/diff/diff.js":{"path":"/Users/sanderspies/Projects/bluebox/lib/diff/diff.js","s":{"1":1,"2":1,"3":1,"4":1,"5":1,"6":1,"7":1,"8":1,"9":2,"10":2,"11":2,"12":2,"13":1,"14":1,"15":3,"16":3,"17":15,"18":15,"19":15,"20":5,"21":5,"22":3,"23":1,"24":0,"25":0,"26":0,"27":0,"28":1,"29":3,"30":3,"31":3,"32":3,"33":2,"34":1,"35":3,"36":3,"37":3,"38":3,"39":1,"40":28,"41":28,"42":28,"43":28,"44":28,"45":3,"46":28,"47":1,"48":0,"49":0,"50":1,"51":1,"52":1,"53":3,"54":3,"55":3,"56":27,"57":27,"58":27,"59":5,"60":28,"61":1,"62":14,"63":14,"64":14,"65":14,"66":14,"67":0,"68":14,"69":28,"70":14,"71":1,"72":50,"73":50,"74":25,"75":25,"76":4,"77":1,"78":4,"79":21,"80":21,"81":21,"82":1,"83":1,"84":20,"85":0,"86":20,"87":3,"88":17,"89":14,"90":3,"91":0,"92":3,"93":3,"94":20,"95":20,"96":0,"97":0,"98":0,"99":20,"100":1},"b":{"1":[1,0],"2":[2,0],"3":[2,0],"4":[5,10],"5":[0,0],"6":[3,0],"7":[2,1],"8":[3,2],"9":[1,0],"10":[3,0],"11":[3,3],"12":[28,0],"13":[28,28],"14":[3,25],"15":[1,27],"16":[28,1],"17":[0,1],"18":[3,0],"19":[5,22],"20":[0,14],"21":[28,21],"22":[25,25],"23":[4,21],"24":[25,22],"25":[1,3],"26":[4,3],"27":[1,20],"28":[0,20],"29":[3,17],"30":[3,2],"31":[14,3],"32":[14,9],"33":[0,3],"34":[0,0],"35":[3,0],"36":[9,11],"37":[0,20],"38":[20,20,3],"39":[0,0],"40":[0,0,0]},"f":{"1":1,"2":3,"3":0,"4":3,"5":28,"6":14,"7":50},"fnMap":{"1":{"name":"createKeyMap","line":12,"loc":{"start":{"line":12,"column":0},"end":{"line":12,"column":32}}},"2":{"name":"diffArray","line":26,"loc":{"start":{"line":26,"column":0},"end":{"line":26,"column":56}}},"3":{"name":"diffFunction","line":40,"loc":{"start":{"line":40,"column":0},"end":{"line":40,"column":40}}},"4":{"name":"handleChildItem","line":47,"loc":{"start":{"line":47,"column":0},"end":{"line":47,"column":97}}},"5":{"name":"handleProperty","line":70,"loc":{"start":{"line":70,"column":0},"end":{"line":70,"column":90}}},"6":{"name":"diffObject","line":106,"loc":{"start":{"line":106,"column":0},"end":{"line":106,"column":57}}},"7":{"name":"diff","line":124,"loc":{"start":{"line":124,"column":0},"end":{"line":124,"column":51}}}},"statementMap":{"1":{"start":{"line":6,"column":0},"end":{"line":6,"column":55}},"2":{"start":{"line":8,"column":0},"end":{"line":8,"column":37}},"3":{"start":{"line":9,"column":0},"end":{"line":9,"column":35}},"4":{"start":{"line":10,"column":0},"end":{"line":10,"column":27}},"5":{"start":{"line":12,"column":0},"end":{"line":24,"column":1}},"6":{"start":{"line":13,"column":2},"end":{"line":13,"column":18}},"7":{"start":{"line":14,"column":2},"end":{"line":22,"column":3}},"8":{"start":{"line":15,"column":4},"end":{"line":21,"column":5}},"9":{"start":{"line":16,"column":6},"end":{"line":16,"column":30}},"10":{"start":{"line":17,"column":6},"end":{"line":17,"column":53}},"11":{"start":{"line":18,"column":6},"end":{"line":20,"column":7}},"12":{"start":{"line":19,"column":8},"end":{"line":19,"column":28}},"13":{"start":{"line":23,"column":2},"end":{"line":23,"column":16}},"14":{"start":{"line":26,"column":0},"end":{"line":38,"column":1}},"15":{"start":{"line":27,"column":2},"end":{"line":27,"column":26}},"16":{"start":{"line":28,"column":2},"end":{"line":35,"column":3}},"17":{"start":{"line":29,"column":4},"end":{"line":29,"column":34}},"18":{"start":{"line":30,"column":4},"end":{"line":30,"column":71}},"19":{"start":{"line":31,"column":4},"end":{"line":34,"column":5}},"20":{"start":{"line":32,"column":6},"end":{"line":32,"column":30}},"21":{"start":{"line":33,"column":6},"end":{"line":33,"column":25}},"22":{"start":{"line":37,"column":2},"end":{"line":37,"column":21}},"23":{"start":{"line":40,"column":0},"end":{"line":46,"column":1}},"24":{"start":{"line":41,"column":2},"end":{"line":41,"column":26}},"25":{"start":{"line":42,"column":2},"end":{"line":44,"column":3}},"26":{"start":{"line":43,"column":4},"end":{"line":43,"column":23}},"27":{"start":{"line":45,"column":2},"end":{"line":45,"column":21}},"28":{"start":{"line":47,"column":0},"end":{"line":67,"column":1}},"29":{"start":{"line":48,"column":2},"end":{"line":48,"column":41}},"30":{"start":{"line":49,"column":2},"end":{"line":49,"column":61}},"31":{"start":{"line":50,"column":2},"end":{"line":50,"column":18}},"32":{"start":{"line":51,"column":2},"end":{"line":56,"column":3}},"33":{"start":{"line":52,"column":4},"end":{"line":52,"column":49}},"34":{"start":{"line":55,"column":4},"end":{"line":55,"column":99}},"35":{"start":{"line":57,"column":2},"end":{"line":59,"column":3}},"36":{"start":{"line":58,"column":4},"end":{"line":58,"column":23}},"37":{"start":{"line":61,"column":2},"end":{"line":61,"column":36}},"38":{"start":{"line":63,"column":2},"end":{"line":66,"column":4}},"39":{"start":{"line":70,"column":0},"end":{"line":104,"column":1}},"40":{"start":{"line":71,"column":2},"end":{"line":71,"column":27}},"41":{"start":{"line":72,"column":2},"end":{"line":101,"column":3}},"42":{"start":{"line":73,"column":4},"end":{"line":73,"column":32}},"43":{"start":{"line":74,"column":4},"end":{"line":74,"column":32}},"44":{"start":{"line":75,"column":4},"end":{"line":77,"column":5}},"45":{"start":{"line":76,"column":6},"end":{"line":76,"column":56}},"46":{"start":{"line":78,"column":4},"end":{"line":100,"column":5}},"47":{"start":{"line":79,"column":6},"end":{"line":84,"column":7}},"48":{"start":{"line":80,"column":8},"end":{"line":80,"column":27}},"49":{"start":{"line":81,"column":8},"end":{"line":83,"column":10}},"50":{"start":{"line":85,"column":6},"end":{"line":85,"column":42}},"51":{"start":{"line":86,"column":6},"end":{"line":86,"column":27}},"52":{"start":{"line":87,"column":6},"end":{"line":91,"column":7}},"53":{"start":{"line":88,"column":8},"end":{"line":88,"column":108}},"54":{"start":{"line":89,"column":8},"end":{"line":89,"column":43}},"55":{"start":{"line":90,"column":8},"end":{"line":90,"column":34}},"56":{"start":{"line":94,"column":6},"end":{"line":94,"column":67}},"57":{"start":{"line":95,"column":6},"end":{"line":95,"column":33}},"58":{"start":{"line":96,"column":6},"end":{"line":98,"column":7}},"59":{"start":{"line":97,"column":8},"end":{"line":97,"column":27}},"60":{"start":{"line":103,"column":2},"end":{"line":103,"column":21}},"61":{"start":{"line":106,"column":0},"end":{"line":120,"column":1}},"62":{"start":{"line":107,"column":2},"end":{"line":107,"column":26}},"63":{"start":{"line":108,"column":2},"end":{"line":108,"column":34}},"64":{"start":{"line":109,"column":2},"end":{"line":109,"column":45}},"65":{"start":{"line":110,"column":2},"end":{"line":110,"column":47}},"66":{"start":{"line":112,"column":2},"end":{"line":114,"column":3}},"67":{"start":{"line":113,"column":4},"end":{"line":113,"column":23}},"68":{"start":{"line":115,"column":2},"end":{"line":117,"column":3}},"69":{"start":{"line":116,"column":4},"end":{"line":116,"column":114}},"70":{"start":{"line":119,"column":2},"end":{"line":119,"column":21}},"71":{"start":{"line":124,"column":0},"end":{"line":166,"column":1}},"72":{"start":{"line":125,"column":2},"end":{"line":125,"column":26}},"73":{"start":{"line":126,"column":2},"end":{"line":128,"column":3}},"74":{"start":{"line":127,"column":4},"end":{"line":127,"column":19}},"75":{"start":{"line":129,"column":2},"end":{"line":134,"column":3}},"76":{"start":{"line":130,"column":4},"end":{"line":132,"column":5}},"77":{"start":{"line":131,"column":6},"end":{"line":131,"column":56}},"78":{"start":{"line":133,"column":4},"end":{"line":133,"column":19}},"79":{"start":{"line":135,"column":2},"end":{"line":135,"column":35}},"80":{"start":{"line":136,"column":2},"end":{"line":136,"column":35}},"81":{"start":{"line":137,"column":2},"end":{"line":140,"column":3}},"82":{"start":{"line":138,"column":4},"end":{"line":138,"column":23}},"83":{"start":{"line":139,"column":4},"end":{"line":139,"column":19}},"84":{"start":{"line":141,"column":2},"end":{"line":143,"column":3}},"85":{"start":{"line":142,"column":4},"end":{"line":142,"column":19}},"86":{"start":{"line":144,"column":2},"end":{"line":155,"column":3}},"87":{"start":{"line":145,"column":4},"end":{"line":145,"column":80}},"88":{"start":{"line":147,"column":7},"end":{"line":155,"column":3}},"89":{"start":{"line":148,"column":4},"end":{"line":148,"column":81}},"90":{"start":{"line":150,"column":7},"end":{"line":155,"column":3}},"91":{"start":{"line":151,"column":4},"end":{"line":151,"column":83}},"92":{"start":{"line":153,"column":7},"end":{"line":155,"column":3}},"93":{"start":{"line":154,"column":4},"end":{"line":154,"column":23}},"94":{"start":{"line":157,"column":2},"end":{"line":157,"column":51}},"95":{"start":{"line":158,"column":2},"end":{"line":163,"column":3}},"96":{"start":{"line":159,"column":4},"end":{"line":159,"column":39}},"97":{"start":{"line":160,"column":4},"end":{"line":162,"column":5}},"98":{"start":{"line":161,"column":6},"end":{"line":161,"column":31}},"99":{"start":{"line":165,"column":2},"end":{"line":165,"column":20}},"100":{"start":{"line":168,"column":0},"end":{"line":168,"column":22}}},"branchMap":{"1":{"line":14,"type":"if","locations":[{"start":{"line":14,"column":2},"end":{"line":14,"column":2}},{"start":{"line":14,"column":2},"end":{"line":14,"column":2}}]},"2":{"line":17,"type":"cond-expr","locations":[{"start":{"line":17,"column":30},"end":{"line":17,"column":45}},{"start":{"line":17,"column":48},"end":{"line":17,"column":52}}]},"3":{"line":18,"type":"if","locations":[{"start":{"line":18,"column":6},"end":{"line":18,"column":6}},{"start":{"line":18,"column":6},"end":{"line":18,"column":6}}]},"4":{"line":31,"type":"if","locations":[{"start":{"line":31,"column":4},"end":{"line":31,"column":4}},{"start":{"line":31,"column":4},"end":{"line":31,"column":4}}]},"5":{"line":42,"type":"if","locations":[{"start":{"line":42,"column":2},"end":{"line":42,"column":2}},{"start":{"line":42,"column":2},"end":{"line":42,"column":2}}]},"6":{"line":49,"type":"cond-expr","locations":[{"start":{"line":49,"column":32},"end":{"line":49,"column":53}},{"start":{"line":49,"column":56},"end":{"line":49,"column":60}}]},"7":{"line":51,"type":"if","locations":[{"start":{"line":51,"column":2},"end":{"line":51,"column":2}},{"start":{"line":51,"column":2},"end":{"line":51,"column":2}}]},"8":{"line":51,"type":"binary-expr","locations":[{"start":{"line":51,"column":6},"end":{"line":51,"column":9}},{"start":{"line":51,"column":13},"end":{"line":51,"column":24}}]},"9":{"line":55,"type":"cond-expr","locations":[{"start":{"line":55,"column":54},"end":{"line":55,"column":72}},{"start":{"line":55,"column":75},"end":{"line":55,"column":79}}]},"10":{"line":57,"type":"if","locations":[{"start":{"line":57,"column":2},"end":{"line":57,"column":2}},{"start":{"line":57,"column":2},"end":{"line":57,"column":2}}]},"11":{"line":57,"type":"binary-expr","locations":[{"start":{"line":57,"column":6},"end":{"line":57,"column":15}},{"start":{"line":57,"column":19},"end":{"line":57,"column":46}}]},"12":{"line":72,"type":"if","locations":[{"start":{"line":72,"column":2},"end":{"line":72,"column":2}},{"start":{"line":72,"column":2},"end":{"line":72,"column":2}}]},"13":{"line":72,"type":"binary-expr","locations":[{"start":{"line":72,"column":6},"end":{"line":72,"column":22}},{"start":{"line":72,"column":26},"end":{"line":72,"column":51}}]},"14":{"line":75,"type":"if","locations":[{"start":{"line":75,"column":4},"end":{"line":75,"column":4}},{"start":{"line":75,"column":4},"end":{"line":75,"column":4}}]},"15":{"line":78,"type":"if","locations":[{"start":{"line":78,"column":4},"end":{"line":78,"column":4}},{"start":{"line":78,"column":4},"end":{"line":78,"column":4}}]},"16":{"line":78,"type":"binary-expr","locations":[{"start":{"line":78,"column":8},"end":{"line":78,"column":26}},{"start":{"line":78,"column":30},"end":{"line":78,"column":47}}]},"17":{"line":79,"type":"if","locations":[{"start":{"line":79,"column":6},"end":{"line":79,"column":6}},{"start":{"line":79,"column":6},"end":{"line":79,"column":6}}]},"18":{"line":89,"type":"binary-expr","locations":[{"start":{"line":89,"column":22},"end":{"line":89,"column":27}},{"start":{"line":89,"column":31},"end":{"line":89,"column":42}}]},"19":{"line":96,"type":"if","locations":[{"start":{"line":96,"column":6},"end":{"line":96,"column":6}},{"start":{"line":96,"column":6},"end":{"line":96,"column":6}}]},"20":{"line":112,"type":"if","locations":[{"start":{"line":112,"column":2},"end":{"line":112,"column":2}},{"start":{"line":112,"column":2},"end":{"line":112,"column":2}}]},"21":{"line":116,"type":"binary-expr","locations":[{"start":{"line":116,"column":18},"end":{"line":116,"column":98}},{"start":{"line":116,"column":102},"end":{"line":116,"column":113}}]},"22":{"line":126,"type":"if","locations":[{"start":{"line":126,"column":2},"end":{"line":126,"column":2}},{"start":{"line":126,"column":2},"end":{"line":126,"column":2}}]},"23":{"line":129,"type":"if","locations":[{"start":{"line":129,"column":2},"end":{"line":129,"column":2}},{"start":{"line":129,"column":2},"end":{"line":129,"column":2}}]},"24":{"line":129,"type":"binary-expr","locations":[{"start":{"line":129,"column":6},"end":{"line":129,"column":14}},{"start":{"line":129,"column":18},"end":{"line":129,"column":26}}]},"25":{"line":130,"type":"if","locations":[{"start":{"line":130,"column":4},"end":{"line":130,"column":4}},{"start":{"line":130,"column":4},"end":{"line":130,"column":4}}]},"26":{"line":130,"type":"binary-expr","locations":[{"start":{"line":130,"column":8},"end":{"line":130,"column":15}},{"start":{"line":130,"column":19},"end":{"line":130,"column":32}}]},"27":{"line":137,"type":"if","locations":[{"start":{"line":137,"column":2},"end":{"line":137,"column":2}},{"start":{"line":137,"column":2},"end":{"line":137,"column":2}}]},"28":{"line":141,"type":"if","locations":[{"start":{"line":141,"column":2},"end":{"line":141,"column":2}},{"start":{"line":141,"column":2},"end":{"line":141,"column":2}}]},"29":{"line":144,"type":"if","locations":[{"start":{"line":144,"column":2},"end":{"line":144,"column":2}},{"start":{"line":144,"column":2},"end":{"line":144,"column":2}}]},"30":{"line":145,"type":"binary-expr","locations":[{"start":{"line":145,"column":18},"end":{"line":145,"column":64}},{"start":{"line":145,"column":68},"end":{"line":145,"column":79}}]},"31":{"line":147,"type":"if","locations":[{"start":{"line":147,"column":7},"end":{"line":147,"column":7}},{"start":{"line":147,"column":7},"end":{"line":147,"column":7}}]},"32":{"line":148,"type":"binary-expr","locations":[{"start":{"line":148,"column":18},"end":{"line":148,"column":65}},{"start":{"line":148,"column":69},"end":{"line":148,"column":80}}]},"33":{"line":150,"type":"if","locations":[{"start":{"line":150,"column":7},"end":{"line":150,"column":7}},{"start":{"line":150,"column":7},"end":{"line":150,"column":7}}]},"34":{"line":151,"type":"binary-expr","locations":[{"start":{"line":151,"column":18},"end":{"line":151,"column":67}},{"start":{"line":151,"column":71},"end":{"line":151,"column":82}}]},"35":{"line":153,"type":"if","locations":[{"start":{"line":153,"column":7},"end":{"line":153,"column":7}},{"start":{"line":153,"column":7},"end":{"line":153,"column":7}}]},"36":{"line":157,"type":"cond-expr","locations":[{"start":{"line":157,"column":33},"end":{"line":157,"column":40}},{"start":{"line":157,"column":43},"end":{"line":157,"column":50}}]},"37":{"line":158,"type":"if","locations":[{"start":{"line":158,"column":2},"end":{"line":158,"column":2}},{"start":{"line":158,"column":2},"end":{"line":158,"column":2}}]},"38":{"line":158,"type":"binary-expr","locations":[{"start":{"line":158,"column":6},"end":{"line":158,"column":16}},{"start":{"line":158,"column":20},"end":{"line":158,"column":36}},{"start":{"line":158,"column":40},"end":{"line":158,"column":62}}]},"39":{"line":160,"type":"if","locations":[{"start":{"line":160,"column":4},"end":{"line":160,"column":4}},{"start":{"line":160,"column":4},"end":{"line":160,"column":4}}]},"40":{"line":160,"type":"binary-expr","locations":[{"start":{"line":160,"column":8},"end":{"line":160,"column":32}},{"start":{"line":160,"column":36},"end":{"line":160,"column":55}},{"start":{"line":160,"column":59},"end":{"line":160,"column":85}}]}},"l":{"6":1,"8":1,"9":1,"10":1,"12":1,"13":1,"14":1,"15":1,"16":2,"17":2,"18":2,"19":2,"23":1,"26":1,"27":3,"28":3,"29":15,"30":15,"31":15,"32":5,"33":5,"37":3,"40":1,"41":0,"42":0,"43":0,"45":0,"47":1,"48":3,"49":3,"50":3,"51":3,"52":2,"55":1,"57":3,"58":3,"61":3,"63":3,"70":1,"71":28,"72":28,"73":28,"74":28,"75":28,"76":3,"78":28,"79":1,"80":0,"81":0,"85":1,"86":1,"87":1,"88":3,"89":3,"90":3,"94":27,"95":27,"96":27,"97":5,"103":28,"106":1,"107":14,"108":14,"109":14,"110":14,"112":14,"113":0,"115":14,"116":28,"119":14,"124":1,"125":50,"126":50,"127":25,"129":25,"130":4,"131":1,"133":4,"135":21,"136":21,"137":21,"138":1,"139":1,"141":20,"142":0,"144":20,"145":3,"147":17,"148":14,"150":3,"151":0,"153":3,"154":3,"157":20,"158":20,"159":0,"160":0,"161":0,"165":20,"168":1}},
"/Users/sanderspies/Projects/bluebox/lib/events/EventHandling.js":{"path":"/Users/sanderspies/Projects/bluebox/lib/events/EventHandling.js","s":{"1":1,"2":1,"3":1,"4":0,"5":0,"6":0,"7":0,"8":0,"9":0,"10":0,"11":1,"12":0,"13":0,"14":0,"15":0,"16":0,"17":0,"18":0,"19":0,"20":0,"21":0,"22":0,"23":0,"24":0,"25":1},"b":{"1":[0,0],"2":[0,0,0,0,0],"3":[0,0],"4":[0,0],"5":[0,0],"6":[0,0],"7":[0,0],"8":[0,0],"9":[0,0],"10":[0,0],"11":[0,0],"12":[0,0],"13":[0,0]},"f":{"1":0,"2":0},"fnMap":{"1":{"name":"handleEventProperty","line":6,"loc":{"start":{"line":6,"column":0},"end":{"line":6,"column":66}}},"2":{"name":"setEventListeners","line":20,"loc":{"start":{"line":20,"column":0},"end":{"line":20,"column":42}}}},"statementMap":{"1":{"start":{"line":3,"column":0},"end":{"line":3,"column":53}},"2":{"start":{"line":4,"column":0},"end":{"line":4,"column":43}},"3":{"start":{"line":6,"column":0},"end":{"line":18,"column":1}},"4":{"start":{"line":7,"column":2},"end":{"line":17,"column":3}},"5":{"start":{"line":8,"column":4},"end":{"line":16,"column":5}},"6":{"start":{"line":9,"column":6},"end":{"line":9,"column":85}},"7":{"start":{"line":11,"column":9},"end":{"line":16,"column":5}},"8":{"start":{"line":12,"column":6},"end":{"line":12,"column":64}},"9":{"start":{"line":14,"column":9},"end":{"line":16,"column":5}},"10":{"start":{"line":15,"column":6},"end":{"line":15,"column":85}},"11":{"start":{"line":20,"column":0},"end":{"line":41,"column":1}},"12":{"start":{"line":21,"column":2},"end":{"line":23,"column":3}},"13":{"start":{"line":22,"column":4},"end":{"line":22,"column":70}},"14":{"start":{"line":24,"column":2},"end":{"line":26,"column":3}},"15":{"start":{"line":25,"column":4},"end":{"line":25,"column":70}},"16":{"start":{"line":27,"column":2},"end":{"line":29,"column":3}},"17":{"start":{"line":28,"column":4},"end":{"line":28,"column":80}},"18":{"start":{"line":30,"column":2},"end":{"line":32,"column":3}},"19":{"start":{"line":31,"column":4},"end":{"line":31,"column":80}},"20":{"start":{"line":33,"column":2},"end":{"line":40,"column":3}},"21":{"start":{"line":34,"column":4},"end":{"line":39,"column":5}},"22":{"start":{"line":35,"column":6},"end":{"line":35,"column":35}},"23":{"start":{"line":36,"column":6},"end":{"line":38,"column":7}},"24":{"start":{"line":37,"column":8},"end":{"line":37,"column":81}},"25":{"start":{"line":43,"column":0},"end":{"line":45,"column":2}}},"branchMap":{"1":{"line":7,"type":"if","locations":[{"start":{"line":7,"column":2},"end":{"line":7,"column":2}},{"start":{"line":7,"column":2},"end":{"line":7,"column":2}}]},"2":{"line":7,"type":"binary-expr","locations":[{"start":{"line":7,"column":6},"end":{"line":7,"column":23}},{"start":{"line":7,"column":27},"end":{"line":7,"column":49}},{"start":{"line":7,"column":53},"end":{"line":7,"column":75}},{"start":{"line":7,"column":79},"end":{"line":7,"column":96}},{"start":{"line":7,"column":100},"end":{"line":7,"column":120}}]},"3":{"line":8,"type":"if","locations":[{"start":{"line":8,"column":4},"end":{"line":8,"column":4}},{"start":{"line":8,"column":4},"end":{"line":8,"column":4}}]},"4":{"line":11,"type":"if","locations":[{"start":{"line":11,"column":9},"end":{"line":11,"column":9}},{"start":{"line":11,"column":9},"end":{"line":11,"column":9}}]},"5":{"line":14,"type":"if","locations":[{"start":{"line":14,"column":9},"end":{"line":14,"column":9}},{"start":{"line":14,"column":9},"end":{"line":14,"column":9}}]},"6":{"line":14,"type":"binary-expr","locations":[{"start":{"line":14,"column":13},"end":{"line":14,"column":25}},{"start":{"line":14,"column":29},"end":{"line":14,"column":42}}]},"7":{"line":21,"type":"if","locations":[{"start":{"line":21,"column":2},"end":{"line":21,"column":2}},{"start":{"line":21,"column":2},"end":{"line":21,"column":2}}]},"8":{"line":24,"type":"if","locations":[{"start":{"line":24,"column":2},"end":{"line":24,"column":2}},{"start":{"line":24,"column":2},"end":{"line":24,"column":2}}]},"9":{"line":27,"type":"if","locations":[{"start":{"line":27,"column":2},"end":{"line":27,"column":2}},{"start":{"line":27,"column":2},"end":{"line":27,"column":2}}]},"10":{"line":30,"type":"if","locations":[{"start":{"line":30,"column":2},"end":{"line":30,"column":2}},{"start":{"line":30,"column":2},"end":{"line":30,"column":2}}]},"11":{"line":33,"type":"if","locations":[{"start":{"line":33,"column":2},"end":{"line":33,"column":2}},{"start":{"line":33,"column":2},"end":{"line":33,"column":2}}]},"12":{"line":36,"type":"if","locations":[{"start":{"line":36,"column":6},"end":{"line":36,"column":6}},{"start":{"line":36,"column":6},"end":{"line":36,"column":6}}]},"13":{"line":37,"type":"cond-expr","locations":[{"start":{"line":37,"column":54},"end":{"line":37,"column":73}},{"start":{"line":37,"column":75},"end":{"line":37,"column":79}}]}},"l":{"3":1,"4":1,"6":1,"7":0,"8":0,"9":0,"11":0,"12":0,"14":0,"15":0,"20":1,"21":0,"22":0,"24":0,"25":0,"27":0,"28":0,"30":0,"31":0,"33":0,"34":0,"35":0,"36":0,"37":0,"43":1}}}
