TN:
SF:/Users/sanderspies/Projects/bluebox/lib/renderers/GL/isViewVisible.js
FN:3,isViewVisible
FNF:1
FNH:1
FNDA:6,isViewVisible
DA:3,1
DA:4,6
DA:13,6
DA:16,1
LF:4
LH:4
BRDA:4,1,0,6
BRDA:4,1,1,6
BRDA:4,1,2,0
BRDA:4,1,3,6
BRDA:4,1,4,3
BRDA:4,1,5,4
BRDA:4,1,6,3
BRDA:4,1,7,3
BRDA:4,1,8,2
BRDA:4,1,9,4
BRDA:4,1,10,3
BRDA:4,1,11,1
BRDA:4,1,12,1
BRDA:4,1,13,1
BRDA:4,1,14,1
BRF:15
BRH:14
end_of_record
TN:
SF:/Users/sanderspies/Projects/bluebox/lib/diff/diff.js
FN:12,createKeyMap
FN:26,diffArray
FN:40,diffFunction
FN:47,handleChildItem
FN:70,handleProperty
FN:106,diffObject
FN:124,diff
FNF:7
FNH:6
FNDA:1,createKeyMap
FNDA:3,diffArray
FNDA:0,diffFunction
FNDA:3,handleChildItem
FNDA:28,handleProperty
FNDA:14,diffObject
FNDA:50,diff
DA:6,1
DA:8,1
DA:9,1
DA:10,1
DA:12,1
DA:13,1
DA:14,1
DA:15,1
DA:16,2
DA:17,2
DA:18,2
DA:19,2
DA:23,1
DA:26,1
DA:27,3
DA:28,3
DA:29,15
DA:30,15
DA:31,15
DA:32,5
DA:33,5
DA:37,3
DA:40,1
DA:41,0
DA:42,0
DA:43,0
DA:45,0
DA:47,1
DA:48,3
DA:49,3
DA:50,3
DA:51,3
DA:52,2
DA:55,1
DA:57,3
DA:58,3
DA:61,3
DA:63,3
DA:70,1
DA:71,28
DA:72,28
DA:73,28
DA:74,28
DA:75,28
DA:76,3
DA:78,28
DA:79,1
DA:80,0
DA:81,0
DA:85,1
DA:86,1
DA:87,1
DA:88,3
DA:89,3
DA:90,3
DA:94,27
DA:95,27
DA:96,27
DA:97,5
DA:103,28
DA:106,1
DA:107,14
DA:108,14
DA:109,14
DA:110,14
DA:112,14
DA:113,0
DA:115,14
DA:116,28
DA:119,14
DA:124,1
DA:125,50
DA:126,50
DA:127,25
DA:129,25
DA:130,4
DA:131,1
DA:133,4
DA:135,21
DA:136,21
DA:137,21
DA:138,1
DA:139,1
DA:141,20
DA:142,0
DA:144,20
DA:145,3
DA:147,17
DA:148,14
DA:150,3
DA:151,0
DA:153,3
DA:154,3
DA:157,20
DA:158,20
DA:159,0
DA:160,0
DA:161,0
DA:165,20
DA:168,1
LF:100
LH:88
BRDA:14,1,0,1
BRDA:14,1,1,0
BRDA:17,2,0,2
BRDA:17,2,1,0
BRDA:18,3,0,2
BRDA:18,3,1,0
BRDA:31,4,0,5
BRDA:31,4,1,10
BRDA:42,5,0,0
BRDA:42,5,1,0
BRDA:49,6,0,3
BRDA:49,6,1,0
BRDA:51,7,0,2
BRDA:51,7,1,1
BRDA:51,8,0,3
BRDA:51,8,1,2
BRDA:55,9,0,1
BRDA:55,9,1,0
BRDA:57,10,0,3
BRDA:57,10,1,0
BRDA:57,11,0,3
BRDA:57,11,1,3
BRDA:72,12,0,28
BRDA:72,12,1,0
BRDA:72,13,0,28
BRDA:72,13,1,28
BRDA:75,14,0,3
BRDA:75,14,1,25
BRDA:78,15,0,1
BRDA:78,15,1,27
BRDA:78,16,0,28
BRDA:78,16,1,1
BRDA:79,17,0,0
BRDA:79,17,1,1
BRDA:89,18,0,3
BRDA:89,18,1,0
BRDA:96,19,0,5
BRDA:96,19,1,22
BRDA:112,20,0,0
BRDA:112,20,1,14
BRDA:116,21,0,28
BRDA:116,21,1,21
BRDA:126,22,0,25
BRDA:126,22,1,25
BRDA:129,23,0,4
BRDA:129,23,1,21
BRDA:129,24,0,25
BRDA:129,24,1,22
BRDA:130,25,0,1
BRDA:130,25,1,3
BRDA:130,26,0,4
BRDA:130,26,1,3
BRDA:137,27,0,1
BRDA:137,27,1,20
BRDA:141,28,0,0
BRDA:141,28,1,20
BRDA:144,29,0,3
BRDA:144,29,1,17
BRDA:145,30,0,3
BRDA:145,30,1,2
BRDA:147,31,0,14
BRDA:147,31,1,3
BRDA:148,32,0,14
BRDA:148,32,1,9
BRDA:150,33,0,0
BRDA:150,33,1,3
BRDA:151,34,0,0
BRDA:151,34,1,0
BRDA:153,35,0,3
BRDA:153,35,1,0
BRDA:157,36,0,9
BRDA:157,36,1,11
BRDA:158,37,0,0
BRDA:158,37,1,20
BRDA:158,38,0,20
BRDA:158,38,1,20
BRDA:158,38,2,3
BRDA:160,39,0,0
BRDA:160,39,1,0
BRDA:160,40,0,0
BRDA:160,40,1,0
BRDA:160,40,2,0
BRF:82
BRH:59
end_of_record
TN:
SF:/Users/sanderspies/Projects/bluebox/lib/events/EventHandling.js
FN:6,handleEventProperty
FN:20,setEventListeners
FNF:2
FNH:0
FNDA:0,handleEventProperty
FNDA:0,setEventListeners
DA:3,1
DA:4,1
DA:6,1
DA:7,0
DA:8,0
DA:9,0
DA:11,0
DA:12,0
DA:14,0
DA:15,0
DA:20,1
DA:21,0
DA:22,0
DA:24,0
DA:25,0
DA:27,0
DA:28,0
DA:30,0
DA:31,0
DA:33,0
DA:34,0
DA:35,0
DA:36,0
DA:37,0
DA:43,1
LF:25
LH:5
BRDA:7,1,0,0
BRDA:7,1,1,0
BRDA:7,2,0,0
BRDA:7,2,1,0
BRDA:7,2,2,0
BRDA:7,2,3,0
BRDA:7,2,4,0
BRDA:8,3,0,0
BRDA:8,3,1,0
BRDA:11,4,0,0
BRDA:11,4,1,0
BRDA:14,5,0,0
BRDA:14,5,1,0
BRDA:14,6,0,0
BRDA:14,6,1,0
BRDA:21,7,0,0
BRDA:21,7,1,0
BRDA:24,8,0,0
BRDA:24,8,1,0
BRDA:27,9,0,0
BRDA:27,9,1,0
BRDA:30,10,0,0
BRDA:30,10,1,0
BRDA:33,11,0,0
BRDA:33,11,1,0
BRDA:36,12,0,0
BRDA:36,12,1,0
BRDA:37,13,0,0
BRDA:37,13,1,0
BRF:29
BRH:0
end_of_record
